{"level":"info","message":"Connected to DB!","project":"RealTimeChatApp.001","time":1696601337053,"timestamp":"2023-10-06T14:08:57.378Z"}
{"level":"info","message":"App is listening on port 5000","project":"RealTimeChatApp.001","time":1696601354112,"timestamp":"2023-10-06T14:09:14.288Z"}
{"level":"info","message":"Connected to DB!","project":"RealTimeChatApp.001","time":1696601354112,"timestamp":"2023-10-06T14:09:28.993Z"}
{"level":"info","message":"App is listening on port 5000","project":"RealTimeChatApp.001","time":1696601480344,"timestamp":"2023-10-06T14:11:20.645Z"}
{"level":"info","message":"App is listening on port 5000","project":"RealTimeChatApp.001","time":1696601494230,"timestamp":"2023-10-06T14:11:34.421Z"}
{"level":"info","message":"Connected to DB!","project":"RealTimeChatApp.001","time":1696601494230,"timestamp":"2023-10-06T14:11:46.334Z"}
{"level":"info","message":"App is listening on port 5000","project":"RealTimeChatApp","time":1696601516616,"timestamp":"2023-10-06T14:11:56.883Z"}
{"level":"info","message":"Connected to DB!","project":"RealTimeChatApp","time":1696601516616,"timestamp":"2023-10-06T14:12:14.627Z"}
{"level":"info","message":"App is listening on port 5000","project":"RealTimeChatApp","time":1696605968246,"timestamp":"2023-10-06T15:26:08.576Z"}
{"level":"info","message":"App is listening on port 5000","project":"RealTimeChatApp","time":1696605979267,"timestamp":"2023-10-06T15:26:19.467Z"}
{"level":"info","message":"App is listening on port 5000","project":"RealTimeChatApp","time":1696605988432,"timestamp":"2023-10-06T15:26:28.838Z"}
{"level":"info","message":"App is listening on port 5000","project":"RealTimeChatApp","time":1696605992639,"timestamp":"2023-10-06T15:26:32.855Z"}
{"level":"info","message":"Connected to DB!","project":"RealTimeChatApp","time":1696605992639,"timestamp":"2023-10-06T15:26:45.638Z"}
{"level":"info","message":"App is listening on port 5000","project":"RealTimeChatApp","time":1696606014142,"timestamp":"2023-10-06T15:26:54.487Z"}
{"level":"info","message":"Connected to DB!","project":"RealTimeChatApp","time":1696606014142,"timestamp":"2023-10-06T15:27:07.238Z"}
{"level":"info","message":"App is listening on port 5000","project":"RealTimeChatApp","time":1696607406026,"timestamp":"2023-10-06T15:50:06.671Z"}
{"level":"info","message":"Connected to DB!","project":"RealTimeChatApp","time":1696607406026,"timestamp":"2023-10-06T15:50:26.340Z"}
{"level":"info","message":"App is listening on port 5000","project":"RealTimeChatApp","time":1696607449709,"timestamp":"2023-10-06T15:50:50.202Z"}
{"level":"info","message":"Connected to DB!","project":"RealTimeChatApp","time":1696607449709,"timestamp":"2023-10-06T15:51:06.939Z"}
{"level":"info","message":"App is listening on port 5000","project":"RealTimeChatApp","time":1696607475169,"timestamp":"2023-10-06T15:51:15.635Z"}
{"level":"info","message":"Connected to DB!","project":"RealTimeChatApp","time":1696607475169,"timestamp":"2023-10-06T15:51:33.288Z"}
{"level":"info","message":"App is listening on port 5000","project":"RealTimeChatApp","time":1696607564121,"timestamp":"2023-10-06T15:52:44.448Z"}
{"level":"info","message":"Connected to DB!","project":"RealTimeChatApp","time":1696607564121,"timestamp":"2023-10-06T15:53:01.792Z"}
{"level":"info","message":"App is listening on port 5000","project":"RealTimeChatApp","time":1696607628579,"timestamp":"2023-10-06T15:53:48.900Z"}
{"level":"info","message":"Connected to DB!","project":"RealTimeChatApp","time":1696607628579,"timestamp":"2023-10-06T15:54:03.712Z"}
{"level":"info","message":"App is listening on port 5000","project":"RealTimeChatApp","time":1696607649404,"timestamp":"2023-10-06T15:54:09.626Z"}
{"level":"info","message":"Connected to DB!","project":"RealTimeChatApp","time":1696607649404,"timestamp":"2023-10-06T15:54:25.635Z"}
{"level":"info","message":"App is listening on port 5000","project":"RealTimeChatApp","time":1696607688235,"timestamp":"2023-10-06T15:54:48.614Z"}
{"level":"info","message":"Connected to DB!","project":"RealTimeChatApp","time":1696607688235,"timestamp":"2023-10-06T15:55:04.370Z"}
{"level":"info","message":"App is listening on port 5000","project":"RealTimeChatApp","time":1696607716734,"timestamp":"2023-10-06T15:55:16.943Z"}
{"level":"info","message":"Connected to DB!","project":"RealTimeChatApp","time":1696607716734,"timestamp":"2023-10-06T15:55:31.496Z"}
{"level":"info","message":"App is listening on port 5000","project":"RealTimeChatApp","time":1696607964648,"timestamp":"2023-10-06T15:59:25.843Z"}
{"level":"info","message":"Connected to DB!","project":"RealTimeChatApp","time":1696607964648,"timestamp":"2023-10-06T15:59:42.957Z"}
{"level":"info","message":"App is listening on port 5000","project":"RealTimeChatApp","time":1696608026974,"timestamp":"2023-10-06T16:00:27.157Z"}
{"level":"info","message":"Connected to DB!","project":"RealTimeChatApp","time":1696608026974,"timestamp":"2023-10-06T16:00:38.504Z"}
{"level":"info","message":"App is listening on port 5000","project":"RealTimeChatApp","time":1696608468058,"timestamp":"2023-10-06T16:07:48.246Z"}
{"level":"info","message":"App is listening on port 5000","project":"RealTimeChatApp","time":1696608488352,"timestamp":"2023-10-06T16:08:08.715Z"}
{"level":"info","message":"Connected to DB!","project":"RealTimeChatApp","time":1696608488352,"timestamp":"2023-10-06T16:08:21.283Z"}
{"level":"info","message":"App is listening on port 5000","project":"RealTimeChatApp","time":1696608540243,"timestamp":"2023-10-06T16:09:00.449Z"}
{"level":"info","message":"Connected to DB!","project":"RealTimeChatApp","time":1696608540243,"timestamp":"2023-10-06T16:09:13.027Z"}
{"level":"info","message":"App is listening on port 5000","project":"RealTimeChatApp","time":1696608631676,"timestamp":"2023-10-06T16:10:31.848Z"}
{"level":"info","message":"Connected to DB!","project":"RealTimeChatApp","time":1696608631676,"timestamp":"2023-10-06T16:10:44.287Z"}
{"level":"info","message":"App is listening on port 5000","project":"RealTimeChatApp","time":1696608765244,"timestamp":"2023-10-06T16:12:45.446Z"}
{"level":"info","message":"App is listening on port 5000","project":"RealTimeChatApp","time":1696608784501,"timestamp":"2023-10-06T16:13:04.702Z"}
{"level":"info","message":"App is listening on port 5000","project":"RealTimeChatApp","time":1696608796163,"timestamp":"2023-10-06T16:13:16.519Z"}
{"level":"info","message":"App is listening on port 5000","project":"RealTimeChatApp","time":1696608806915,"timestamp":"2023-10-06T16:13:27.247Z"}
{"level":"info","message":"Connected to DB!","project":"RealTimeChatApp","time":1696608806915,"timestamp":"2023-10-06T16:13:43.710Z"}
{"level":"info","message":"App is listening on port 5000","project":"RealTimeChatApp","time":1696608833761,"timestamp":"2023-10-06T16:13:54.105Z"}
{"level":"info","message":"App is listening on port 5000","project":"RealTimeChatApp","time":1696608842434,"timestamp":"2023-10-06T16:14:02.738Z"}
{"level":"info","message":"App is listening on port 5000","project":"RealTimeChatApp","time":1696608849853,"timestamp":"2023-10-06T16:14:10.028Z"}
{"level":"info","message":"Connected to DB!","project":"RealTimeChatApp","time":1696608849853,"timestamp":"2023-10-06T16:14:23.578Z"}
{"level":"info","message":"App is listening on port 5000","project":"RealTimeChatApp","time":1696608868172,"timestamp":"2023-10-06T16:14:28.645Z"}
{"level":"info","message":"App is listening on port 5000","project":"RealTimeChatApp","time":1696608875204,"timestamp":"2023-10-06T16:14:35.921Z"}
{"level":"info","message":"App is listening on port 5000","project":"RealTimeChatApp","time":1696608883736,"timestamp":"2023-10-06T16:14:44.552Z"}
{"level":"info","message":"App is listening on port 5000","project":"RealTimeChatApp","time":1696608893639,"timestamp":"2023-10-06T16:14:53.957Z"}
{"level":"info","message":"App is listening on port 5000","project":"RealTimeChatApp","time":1696608905188,"timestamp":"2023-10-06T16:15:05.441Z"}
{"level":"info","message":"App is listening on port 5000","project":"RealTimeChatApp","time":1696608918260,"timestamp":"2023-10-06T16:15:18.715Z"}
{"level":"info","message":"App is listening on port 5000","project":"RealTimeChatApp","time":1696608925680,"timestamp":"2023-10-06T16:15:25.882Z"}
{"level":"info","message":"App is listening on port 5000","project":"RealTimeChatApp","time":1696608934186,"timestamp":"2023-10-06T16:15:34.375Z"}
{"level":"info","message":"Connected to DB!","project":"RealTimeChatApp","time":1696608934186,"timestamp":"2023-10-06T16:15:46.470Z"}
{"level":"info","message":"App is listening on port 5000","project":"RealTimeChatApp","time":1696608963085,"timestamp":"2023-10-06T16:16:03.291Z"}
{"level":"info","message":"Connected to DB!","project":"RealTimeChatApp","time":1696608963085,"timestamp":"2023-10-06T16:16:15.719Z"}
{"level":"info","message":"App is listening on port 5000","project":"RealTimeChatApp","time":1696608997592,"timestamp":"2023-10-06T16:16:37.993Z"}
{"level":"info","message":"App is listening on port 5000","project":"RealTimeChatApp","time":1696609002914,"timestamp":"2023-10-06T16:16:43.138Z"}
{"level":"info","message":"Connected to DB!","project":"RealTimeChatApp","time":1696609002914,"timestamp":"2023-10-06T16:16:55.869Z"}
{"level":"info","message":"App is listening on port 5000","project":"RealTimeChatApp","time":1696609048870,"timestamp":"2023-10-06T16:17:29.084Z"}
{"level":"info","message":"Connected to DB!","project":"RealTimeChatApp","time":1696609048870,"timestamp":"2023-10-06T16:17:42.974Z"}
{"level":"info","message":"App is listening on port 5000","project":"RealTimeChatApp","time":1696609079310,"timestamp":"2023-10-06T16:17:59.609Z"}
{"level":"info","message":"App is listening on port 5000","project":"RealTimeChatApp","time":1696609085518,"timestamp":"2023-10-06T16:18:05.786Z"}
{"level":"info","message":"App is listening on port 5000","project":"RealTimeChatApp","time":1696609099497,"timestamp":"2023-10-06T16:18:19.693Z"}
{"level":"info","message":"Connected to DB!","project":"RealTimeChatApp","time":1696609099497,"timestamp":"2023-10-06T16:18:34.297Z"}
{"level":"info","message":"App is listening on port 5000","project":"RealTimeChatApp","time":1696609143174,"timestamp":"2023-10-06T16:19:03.376Z"}
{"level":"info","message":"App is listening on port 5000","project":"RealTimeChatApp","time":1696609149706,"timestamp":"2023-10-06T16:19:09.942Z"}
{"level":"info","message":"App is listening on port 5000","project":"RealTimeChatApp","time":1696609158028,"timestamp":"2023-10-06T16:19:18.730Z"}
{"level":"info","message":"App is listening on port 5000","project":"RealTimeChatApp","time":1696609163729,"timestamp":"2023-10-06T16:19:24.299Z"}
{"level":"info","message":"App is listening on port 5000","project":"RealTimeChatApp","time":1696609169162,"timestamp":"2023-10-06T16:19:29.345Z"}
{"level":"info","message":"App is listening on port 5000","project":"RealTimeChatApp","time":1696609177480,"timestamp":"2023-10-06T16:19:37.691Z"}
{"level":"info","message":"App is listening on port 5000","project":"RealTimeChatApp","time":1696609184410,"timestamp":"2023-10-06T16:19:44.696Z"}
{"level":"info","message":"App is listening on port 5000","project":"RealTimeChatApp","time":1696609198528,"timestamp":"2023-10-06T16:19:58.747Z"}
{"level":"info","message":"App is listening on port 5000","project":"RealTimeChatApp","time":1696609209228,"timestamp":"2023-10-06T16:20:09.643Z"}
{"level":"info","message":"App is listening on port 5000","project":"RealTimeChatApp","time":1696609216419,"timestamp":"2023-10-06T16:20:16.899Z"}
{"level":"info","message":"App is listening on port 5000","project":"RealTimeChatApp","time":1696609221351,"timestamp":"2023-10-06T16:20:21.572Z"}
{"level":"info","message":"App is listening on port 5000","project":"RealTimeChatApp","time":1696609231043,"timestamp":"2023-10-06T16:20:31.355Z"}
{"level":"info","message":"App is listening on port 5000","project":"RealTimeChatApp","time":1696609236909,"timestamp":"2023-10-06T16:20:37.228Z"}
{"level":"info","message":"App is listening on port 5000","project":"RealTimeChatApp","time":1696609247232,"timestamp":"2023-10-06T16:20:47.501Z"}
{"level":"info","message":"App is listening on port 5000","project":"RealTimeChatApp","time":1696609252851,"timestamp":"2023-10-06T16:20:53.154Z"}
{"level":"info","message":"App is listening on port 5000","project":"RealTimeChatApp","time":1696609258222,"timestamp":"2023-10-06T16:20:58.483Z"}
{"level":"info","message":"Connected to DB!","project":"RealTimeChatApp","time":1696609258222,"timestamp":"2023-10-06T16:21:14.622Z"}
{"level":"info","message":"App is listening on port 5000","project":"RealTimeChatApp","time":1696609425305,"timestamp":"2023-10-06T16:23:45.706Z"}
{"level":"info","message":"App is listening on port 5000","project":"RealTimeChatApp","time":1696609439511,"timestamp":"2023-10-06T16:23:59.684Z"}
{"level":"info","message":"Connected to DB!","project":"RealTimeChatApp","time":1696609439511,"timestamp":"2023-10-06T16:24:12.826Z"}
{"level":"info","message":"App is listening on port 5000","project":"RealTimeChatApp","time":1696609518253,"timestamp":"2023-10-06T16:25:18.429Z"}
{"level":"info","message":"App is listening on port 5000","project":"RealTimeChatApp","time":1696609529615,"timestamp":"2023-10-06T16:25:29.796Z"}
{"level":"info","message":"Connected to DB!","project":"RealTimeChatApp","time":1696609529615,"timestamp":"2023-10-06T16:25:41.911Z"}
{"level":"info","message":"App is listening on port 5000","project":"RealTimeChatApp","time":1696609554805,"timestamp":"2023-10-06T16:25:55.014Z"}
{"level":"info","message":"Connected to DB!","project":"RealTimeChatApp","time":1696609554805,"timestamp":"2023-10-06T16:26:08.791Z"}
{"level":"info","message":"App is listening on port 5000","project":"RealTimeChatApp","time":1696609586616,"timestamp":"2023-10-06T16:26:26.847Z"}
{"level":"info","message":"Connected to DB!","project":"RealTimeChatApp","time":1696609586616,"timestamp":"2023-10-06T16:26:40.442Z"}
{"level":"info","message":"App is listening on port 5000","project":"RealTimeChatApp","time":1696609623071,"timestamp":"2023-10-06T16:27:03.313Z"}
{"level":"info","message":"App is listening on port 5000","project":"RealTimeChatApp","time":1696609632710,"timestamp":"2023-10-06T16:27:12.880Z"}
{"level":"info","message":"App is listening on port 5000","project":"RealTimeChatApp","time":1696609648383,"timestamp":"2023-10-06T16:27:28.588Z"}
{"level":"info","message":"App is listening on port 5000","project":"RealTimeChatApp","time":1696609657003,"timestamp":"2023-10-06T16:27:37.180Z"}
{"level":"info","message":"App is listening on port 5000","project":"RealTimeChatApp","time":1696609668566,"timestamp":"2023-10-06T16:27:48.760Z"}
{"level":"info","message":"App is listening on port 5000","project":"RealTimeChatApp","time":1696609687483,"timestamp":"2023-10-06T16:28:07.669Z"}
{"level":"info","message":"App is listening on port 5000","project":"RealTimeChatApp","time":1696609705056,"timestamp":"2023-10-06T16:28:25.279Z"}
{"level":"info","message":"App is listening on port 5000","project":"RealTimeChatApp","time":1696609714193,"timestamp":"2023-10-06T16:28:34.548Z"}
{"level":"info","message":"App is listening on port 5000","project":"RealTimeChatApp","time":1696609718770,"timestamp":"2023-10-06T16:28:38.943Z"}
{"level":"info","message":"App is listening on port 5000","project":"RealTimeChatApp","time":1696609724813,"timestamp":"2023-10-06T16:28:45.005Z"}
{"level":"info","message":"App is listening on port 5000","project":"RealTimeChatApp","time":1696609733386,"timestamp":"2023-10-06T16:28:53.664Z"}
{"level":"info","message":"App is listening on port 5000","project":"RealTimeChatApp","time":1696609755618,"timestamp":"2023-10-06T16:29:15.805Z"}
{"level":"info","message":"App is listening on port 5000","project":"RealTimeChatApp","time":1696609764765,"timestamp":"2023-10-06T16:29:24.942Z"}
{"level":"info","message":"App is listening on port 5000","project":"RealTimeChatApp","time":1696609776385,"timestamp":"2023-10-06T16:29:36.751Z"}
{"level":"info","message":"Connected to DB!","project":"RealTimeChatApp","time":1696609776385,"timestamp":"2023-10-06T16:29:50.067Z"}
{"level":"info","message":"App is listening on port 5000","project":"RealTimeChatApp","time":1696609845427,"timestamp":"2023-10-06T16:30:45.637Z"}
{"level":"info","message":"App is listening on port 5000","project":"RealTimeChatApp","time":1696609859011,"timestamp":"2023-10-06T16:30:59.197Z"}
{"level":"info","message":"App is listening on port 5000","project":"RealTimeChatApp","time":1696609877320,"timestamp":"2023-10-06T16:31:17.533Z"}
{"level":"info","message":"App is listening on port 5000","project":"RealTimeChatApp","time":1696609885559,"timestamp":"2023-10-06T16:31:25.744Z"}
{"level":"info","message":"Connected to DB!","project":"RealTimeChatApp","time":1696609885559,"timestamp":"2023-10-06T16:31:37.143Z"}
{"level":"info","message":"App is listening on port 5000","project":"RealTimeChatApp","time":1696610158634,"timestamp":"2023-10-06T16:35:58.815Z"}
{"level":"info","message":"Connected to DB!","project":"RealTimeChatApp","time":1696610158634,"timestamp":"2023-10-06T16:36:11.656Z"}
{"level":"info","message":"App is listening on port 5000","project":"RealTimeChatApp","time":1696610368947,"timestamp":"2023-10-06T16:39:29.271Z"}
{"level":"info","message":"Connected to DB!","project":"RealTimeChatApp","time":1696610368947,"timestamp":"2023-10-06T16:39:42.007Z"}
{"level":"info","message":"App is listening on port 5000","project":"RealTimeChatApp","time":1696610396489,"timestamp":"2023-10-06T16:39:56.729Z"}
{"level":"info","message":"App is listening on port 5000","project":"RealTimeChatApp","time":1696610411329,"timestamp":"2023-10-06T16:40:11.509Z"}
{"level":"info","message":"App is listening on port 5000","project":"RealTimeChatApp","time":1696610422379,"timestamp":"2023-10-06T16:40:22.597Z"}
{"level":"info","message":"Connected to DB!","project":"RealTimeChatApp","time":1696610422379,"timestamp":"2023-10-06T16:40:35.271Z"}
{"level":"info","message":"App is listening on port 5000","project":"RealTimeChatApp","time":1696610482476,"timestamp":"2023-10-06T16:41:22.666Z"}
{"level":"info","message":"Connected to DB!","project":"RealTimeChatApp","time":1696610482476,"timestamp":"2023-10-06T16:41:35.419Z"}
{"level":"info","message":"App is listening on port 5000","project":"RealTimeChatApp","time":1696615953702,"timestamp":"2023-10-06T18:12:34.046Z"}
{"level":"info","message":"App is listening on port 5000","project":"RealTimeChatApp","time":1696615981337,"timestamp":"2023-10-06T18:13:01.530Z"}
{"level":"info","message":"Connected to DB!","project":"RealTimeChatApp","time":1696615981337,"timestamp":"2023-10-06T18:13:12.926Z"}
{"level":"info","message":"App is listening on port 5000","project":"RealTimeChatApp","time":1696616124657,"timestamp":"2023-10-06T18:15:24.839Z"}
{"level":"info","message":"App is listening on port 5000","project":"RealTimeChatApp","time":1696616143142,"timestamp":"2023-10-06T18:15:43.311Z"}
{"level":"info","message":"App is listening on port 5000","project":"RealTimeChatApp","time":1696616155401,"timestamp":"2023-10-06T18:15:55.643Z"}
{"level":"info","message":"Connected to DB!","project":"RealTimeChatApp","time":1696616155401,"timestamp":"2023-10-06T18:16:07.544Z"}
{"level":"info","message":"App is listening on port 5000","project":"RealTimeChatApp","time":1696616204195,"timestamp":"2023-10-06T18:16:44.390Z"}
{"level":"info","message":"App is listening on port 5000","project":"RealTimeChatApp","time":1696616247714,"timestamp":"2023-10-06T18:17:27.944Z"}
{"level":"info","message":"App is listening on port 5000","project":"RealTimeChatApp","time":1696616263118,"timestamp":"2023-10-06T18:17:43.297Z"}
{"level":"info","message":"Connected to DB!","project":"RealTimeChatApp","time":1696616263118,"timestamp":"2023-10-06T18:17:55.249Z"}
{"level":"info","message":"App is listening on port 5000","project":"RealTimeChatApp","time":1696616284982,"timestamp":"2023-10-06T18:18:05.241Z"}
{"level":"info","message":"Connected to DB!","project":"RealTimeChatApp","time":1696616284982,"timestamp":"2023-10-06T18:18:18.302Z"}
{"level":"info","message":"App is listening on port 5000","project":"RealTimeChatApp","time":1696616303391,"timestamp":"2023-10-06T18:18:23.605Z"}
{"level":"info","message":"Connected to DB!","project":"RealTimeChatApp","time":1696616303391,"timestamp":"2023-10-06T18:18:37.212Z"}
{"level":"info","message":"App is listening on port 5000","project":"RealTimeChatApp","time":1696616364689,"timestamp":"2023-10-06T18:19:24.865Z"}
{"level":"info","message":"App is listening on port 5000","project":"RealTimeChatApp","time":1696616378696,"timestamp":"2023-10-06T18:19:38.869Z"}
{"level":"info","message":"App is listening on port 5000","project":"RealTimeChatApp","time":1696616395259,"timestamp":"2023-10-06T18:19:56.018Z"}
{"level":"info","message":"App is listening on port 5000","project":"RealTimeChatApp","time":1696616400259,"timestamp":"2023-10-06T18:20:00.447Z"}
{"level":"info","message":"App is listening on port 5000","project":"RealTimeChatApp","time":1696616411650,"timestamp":"2023-10-06T18:20:11.832Z"}
{"level":"info","message":"Connected to DB!","project":"RealTimeChatApp","time":1696616411650,"timestamp":"2023-10-06T18:20:22.348Z"}
{"level":"info","message":"App is listening on port 5000","project":"RealTimeChatApp","time":1696616445838,"timestamp":"2023-10-06T18:20:46.033Z"}
{"level":"info","message":"Connected to DB!","project":"RealTimeChatApp","time":1696616445838,"timestamp":"2023-10-06T18:20:57.438Z"}
{"level":"info","message":"App is listening on port 5000","project":"RealTimeChatApp","time":1696616486876,"timestamp":"2023-10-06T18:21:27.067Z"}
{"level":"info","message":"App is listening on port 5000","project":"RealTimeChatApp","time":1696616496360,"timestamp":"2023-10-06T18:21:36.622Z"}
{"level":"info","message":"Connected to DB!","project":"RealTimeChatApp","time":1696616496360,"timestamp":"2023-10-06T18:21:48.413Z"}
{"level":"info","message":"App is listening on port 5000","project":"RealTimeChatApp","time":1696617072413,"timestamp":"2023-10-06T18:31:12.622Z"}
{"level":"info","message":"Connected to DB!","project":"RealTimeChatApp","time":1696617072413,"timestamp":"2023-10-06T18:31:25.181Z"}
{"level":"info","message":"App is listening on port 5000","project":"RealTimeChatApp","time":1696617093972,"timestamp":"2023-10-06T18:31:34.151Z"}
{"level":"info","message":"Connected to DB!","project":"RealTimeChatApp","time":1696617093972,"timestamp":"2023-10-06T18:31:48.087Z"}
{"level":"info","message":"App is listening on port 5000","project":"RealTimeChatApp","time":1696617153134,"timestamp":"2023-10-06T18:32:33.396Z"}
{"level":"info","message":"Connected to DB!","project":"RealTimeChatApp","time":1696617153134,"timestamp":"2023-10-06T18:32:46.941Z"}
{"level":"info","message":"App is listening on port 5000","project":"RealTimeChatApp","time":1696617183253,"timestamp":"2023-10-06T18:33:03.458Z"}
{"level":"info","message":"Connected to DB!","project":"RealTimeChatApp","time":1696617183253,"timestamp":"2023-10-06T18:33:16.685Z"}
{"level":"info","message":"App is listening on port 5000","project":"RealTimeChatApp","time":1696617213939,"timestamp":"2023-10-06T18:33:34.193Z"}
{"level":"info","message":"App is listening on port 5000","project":"RealTimeChatApp","time":1696617225528,"timestamp":"2023-10-06T18:33:45.936Z"}
{"level":"info","message":"Connected to DB!","project":"RealTimeChatApp","time":1696617225528,"timestamp":"2023-10-06T18:33:58.666Z"}
{"level":"info","message":"App is listening on port 5000","project":"RealTimeChatApp","time":1696617268849,"timestamp":"2023-10-06T18:34:29.043Z"}
{"level":"info","message":"App is listening on port 5000","project":"RealTimeChatApp","time":1696617276988,"timestamp":"2023-10-06T18:34:37.184Z"}
{"level":"info","message":"App is listening on port 5000","project":"RealTimeChatApp","time":1696617283990,"timestamp":"2023-10-06T18:34:44.308Z"}
{"level":"info","message":"App is listening on port 5000","project":"RealTimeChatApp","time":1696617289124,"timestamp":"2023-10-06T18:34:49.393Z"}
{"level":"info","message":"App is listening on port 5000","project":"RealTimeChatApp","time":1696617303322,"timestamp":"2023-10-06T18:35:03.548Z"}
{"level":"info","message":"App is listening on port 5000","project":"RealTimeChatApp","time":1696798024660,"timestamp":"2023-10-08T20:47:04.904Z"}
{"level":"info","message":"Connected to DB!","project":"RealTimeChatApp","time":1696798024660,"timestamp":"2023-10-08T20:47:21.996Z"}
{"level":"info","message":"App is listening on port 5000","project":"RealTimeChatApp","time":1696798550842,"timestamp":"2023-10-08T20:55:51.179Z"}
{"level":"error","message":"Failed to connect to DB: TypeORMError: Entity metadata for Message#sender was not found. Check if you specified a correct entity object and if it's connected in the connection options.","project":"RealTimeChatApp","time":1696798550842,"timestamp":"2023-10-08T20:55:51.522Z"}
{"level":"info","message":"App is listening on port 5000","project":"RealTimeChatApp","time":1696798563241,"timestamp":"2023-10-08T20:56:03.479Z"}
{"level":"error","message":"Failed to connect to DB: TypeORMError: Entity metadata for Message#sender was not found. Check if you specified a correct entity object and if it's connected in the connection options.","project":"RealTimeChatApp","time":1696798563241,"timestamp":"2023-10-08T20:56:03.887Z"}
{"level":"info","message":"App is listening on port 5000","project":"RealTimeChatApp","time":1696798573138,"timestamp":"2023-10-08T20:56:13.511Z"}
{"level":"error","message":"Failed to connect to DB: TypeORMError: Entity metadata for Message#sender was not found. Check if you specified a correct entity object and if it's connected in the connection options.","project":"RealTimeChatApp","time":1696798573138,"timestamp":"2023-10-08T20:56:14.047Z"}
{"level":"info","message":"App is listening on port 5000","project":"RealTimeChatApp","time":1696798580433,"timestamp":"2023-10-08T20:56:20.863Z"}
{"level":"error","message":"Failed to connect to DB: TypeORMError: Entity metadata for Message#sender was not found. Check if you specified a correct entity object and if it's connected in the connection options.","project":"RealTimeChatApp","time":1696798580433,"timestamp":"2023-10-08T20:56:21.394Z"}
{"level":"info","message":"App is listening on port 5000","project":"RealTimeChatApp","time":1696798587962,"timestamp":"2023-10-08T20:56:28.347Z"}
{"level":"error","message":"Failed to connect to DB: TypeORMError: Entity metadata for Message#sender was not found. Check if you specified a correct entity object and if it's connected in the connection options.","project":"RealTimeChatApp","time":1696798587962,"timestamp":"2023-10-08T20:56:28.787Z"}
{"level":"info","message":"App is listening on port 5000","project":"RealTimeChatApp","time":1696798601453,"timestamp":"2023-10-08T20:56:41.833Z"}
{"level":"error","message":"Failed to connect to DB: TypeORMError: Entity metadata for Message#sender was not found. Check if you specified a correct entity object and if it's connected in the connection options.","project":"RealTimeChatApp","time":1696798601453,"timestamp":"2023-10-08T20:56:42.155Z"}
{"level":"info","message":"App is listening on port 5000","project":"RealTimeChatApp","time":1696798608458,"timestamp":"2023-10-08T20:56:48.782Z"}
{"level":"error","message":"Failed to connect to DB: TypeORMError: Entity metadata for Message#sender was not found. Check if you specified a correct entity object and if it's connected in the connection options.","project":"RealTimeChatApp","time":1696798608458,"timestamp":"2023-10-08T20:56:49.083Z"}
{"level":"info","message":"App is listening on port 5000","project":"RealTimeChatApp","time":1696798633310,"timestamp":"2023-10-08T20:57:13.625Z"}
{"level":"error","message":"Failed to connect to DB: TypeORMError: Entity metadata for Message#sender was not found. Check if you specified a correct entity object and if it's connected in the connection options.","project":"RealTimeChatApp","time":1696798633310,"timestamp":"2023-10-08T20:57:13.875Z"}
{"level":"info","message":"App is listening on port 5000","project":"RealTimeChatApp","time":1696798640753,"timestamp":"2023-10-08T20:57:21.170Z"}
{"level":"error","message":"Failed to connect to DB: TypeORMError: Entity metadata for Message#sender was not found. Check if you specified a correct entity object and if it's connected in the connection options.","project":"RealTimeChatApp","time":1696798640753,"timestamp":"2023-10-08T20:57:21.862Z"}
{"level":"info","message":"App is listening on port 5000","project":"RealTimeChatApp","time":1696798654334,"timestamp":"2023-10-08T20:57:34.635Z"}
{"level":"error","message":"Failed to connect to DB: TypeORMError: Entity metadata for Message#sender was not found. Check if you specified a correct entity object and if it's connected in the connection options.","project":"RealTimeChatApp","time":1696798654334,"timestamp":"2023-10-08T20:57:34.884Z"}
{"level":"info","message":"App is listening on port 5000","project":"RealTimeChatApp","time":1696798663519,"timestamp":"2023-10-08T20:57:43.862Z"}
{"level":"error","message":"Failed to connect to DB: TypeORMError: Entity metadata for Message#sender was not found. Check if you specified a correct entity object and if it's connected in the connection options.","project":"RealTimeChatApp","time":1696798663519,"timestamp":"2023-10-08T20:57:44.266Z"}
{"level":"info","message":"App is listening on port 5000","project":"RealTimeChatApp","time":1696798670351,"timestamp":"2023-10-08T20:57:50.639Z"}
{"level":"error","message":"Failed to connect to DB: TypeORMError: Entity metadata for Message#sender was not found. Check if you specified a correct entity object and if it's connected in the connection options.","project":"RealTimeChatApp","time":1696798670351,"timestamp":"2023-10-08T20:57:51.002Z"}
{"level":"info","message":"App is listening on port 5000","project":"RealTimeChatApp","time":1696798683063,"timestamp":"2023-10-08T20:58:03.376Z"}
{"level":"error","message":"Failed to connect to DB: TypeORMError: Entity metadata for Message#sender was not found. Check if you specified a correct entity object and if it's connected in the connection options.","project":"RealTimeChatApp","time":1696798683063,"timestamp":"2023-10-08T20:58:04.011Z"}
{"level":"info","message":"App is listening on port 5000","project":"RealTimeChatApp","time":1696798707202,"timestamp":"2023-10-08T20:58:27.552Z"}
{"level":"error","message":"Failed to connect to DB: TypeORMError: Entity metadata for Message#sender was not found. Check if you specified a correct entity object and if it's connected in the connection options.","project":"RealTimeChatApp","time":1696798707202,"timestamp":"2023-10-08T20:58:28.002Z"}
{"level":"info","message":"App is listening on port 5000","project":"RealTimeChatApp","time":1696798714931,"timestamp":"2023-10-08T20:58:35.323Z"}
{"level":"error","message":"Failed to connect to DB: TypeORMError: Entity metadata for Message#sender was not found. Check if you specified a correct entity object and if it's connected in the connection options.","project":"RealTimeChatApp","time":1696798714931,"timestamp":"2023-10-08T20:58:35.614Z"}
{"level":"info","message":"App is listening on port 5000","project":"RealTimeChatApp","time":1696798722445,"timestamp":"2023-10-08T20:58:42.696Z"}
{"level":"error","message":"Failed to connect to DB: TypeORMError: Entity metadata for Message#sender was not found. Check if you specified a correct entity object and if it's connected in the connection options.","project":"RealTimeChatApp","time":1696798722445,"timestamp":"2023-10-08T20:58:42.961Z"}
{"level":"info","message":"App is listening on port 5000","project":"RealTimeChatApp","time":1696798730830,"timestamp":"2023-10-08T20:58:51.093Z"}
{"level":"error","message":"Failed to connect to DB: TypeORMError: Entity metadata for Message#sender was not found. Check if you specified a correct entity object and if it's connected in the connection options.","project":"RealTimeChatApp","time":1696798730830,"timestamp":"2023-10-08T20:58:51.360Z"}
{"level":"info","message":"App is listening on port 5000","project":"RealTimeChatApp","time":1696798737485,"timestamp":"2023-10-08T20:58:57.754Z"}
{"level":"error","message":"Failed to connect to DB: TypeORMError: Entity metadata for Message#sender was not found. Check if you specified a correct entity object and if it's connected in the connection options.","project":"RealTimeChatApp","time":1696798737485,"timestamp":"2023-10-08T20:58:58.156Z"}
{"level":"info","message":"App is listening on port 5000","project":"RealTimeChatApp","time":1696798745019,"timestamp":"2023-10-08T20:59:05.285Z"}
{"level":"error","message":"Failed to connect to DB: TypeORMError: Entity metadata for Message#sender was not found. Check if you specified a correct entity object and if it's connected in the connection options.","project":"RealTimeChatApp","time":1696798745019,"timestamp":"2023-10-08T20:59:05.555Z"}
{"level":"info","message":"App is listening on port 5000","project":"RealTimeChatApp","time":1696798903263,"timestamp":"2023-10-08T21:01:43.498Z"}
{"level":"info","message":"Connected to DB!","project":"RealTimeChatApp","time":1696798903263,"timestamp":"2023-10-08T21:02:06.097Z"}
{"level":"info","message":"App is listening on port 5000","project":"RealTimeChatApp","time":1696799066918,"timestamp":"2023-10-08T21:04:27.926Z"}
{"level":"info","message":"App is listening on port 5000","project":"RealTimeChatApp","time":1696799090851,"timestamp":"2023-10-08T21:04:51.171Z"}
{"level":"error","message":"Failed to connect to DB: QueryFailedError: ER_TABLE_EXISTS_ERROR: Table 'user' already exists","project":"RealTimeChatApp","time":1696799090851,"timestamp":"2023-10-08T21:05:05.326Z"}
{"level":"info","message":"App is listening on port 5000","project":"RealTimeChatApp","time":1696843629724,"timestamp":"2023-10-09T09:27:09.937Z"}
{"level":"error","message":"Failed to connect to DB: Error: ER_BAD_DB_ERROR: Unknown database 'realtimechatdb'","project":"RealTimeChatApp","time":1696843629724,"timestamp":"2023-10-09T09:27:10.184Z"}
{"level":"info","message":"App is listening on port 5000","project":"RealTimeChatApp","time":1696843699981,"timestamp":"2023-10-09T09:28:20.111Z"}
{"level":"info","message":"Connected to DB!","project":"RealTimeChatApp","time":1696843699981,"timestamp":"2023-10-09T09:28:26.079Z"}
{"level":"info","message":"App is listening on port 5000","project":"RealTimeChatApp","time":1696845173864,"timestamp":"2023-10-09T09:52:53.999Z"}
{"level":"error","message":"Failed to connect to DB: QueryFailedError: ER_TABLE_EXISTS_ERROR: Table 'user' already exists","project":"RealTimeChatApp","time":1696845173864,"timestamp":"2023-10-09T09:53:00.082Z"}
{"level":"info","message":"App is listening on port 5000","project":"RealTimeChatApp","time":1696845531697,"timestamp":"2023-10-09T09:58:51.810Z"}
{"level":"error","message":"Failed to connect to DB: QueryFailedError: ER_TABLE_EXISTS_ERROR: Table 'user' already exists","project":"RealTimeChatApp","time":1696845531697,"timestamp":"2023-10-09T09:58:57.224Z"}
{"level":"info","message":"App is listening on port 5000","project":"RealTimeChatApp","time":1696845846870,"timestamp":"2023-10-09T10:04:06.982Z"}
{"level":"error","message":"Failed to connect to DB: QueryFailedError: ER_TABLE_EXISTS_ERROR: Table 'user' already exists","project":"RealTimeChatApp","time":1696845846870,"timestamp":"2023-10-09T10:04:12.925Z"}
{"level":"info","message":"App is listening on port 5000","project":"RealTimeChatApp","time":1696846120720,"timestamp":"2023-10-09T10:08:40.829Z"}
{"level":"error","message":"Failed to connect to DB: QueryFailedError: ER_TABLE_EXISTS_ERROR: Table 'user' already exists","project":"RealTimeChatApp","time":1696846120720,"timestamp":"2023-10-09T10:08:46.039Z"}
{"level":"info","message":"App is listening on port 5000","project":"RealTimeChatApp","time":1696846883017,"timestamp":"2023-10-09T10:21:23.157Z"}
{"level":"info","message":"App is listening on port 5000","project":"RealTimeChatApp","time":1696846890865,"timestamp":"2023-10-09T10:21:30.981Z"}
{"level":"error","message":"Failed to connect to DB: QueryFailedError: ER_TABLE_EXISTS_ERROR: Table 'user' already exists","project":"RealTimeChatApp","time":1696846890865,"timestamp":"2023-10-09T10:21:37.297Z"}
{"level":"info","message":"App is listening on port 5000","project":"RealTimeChatApp","time":1696847216893,"timestamp":"2023-10-09T10:26:57.010Z"}
{"level":"error","message":"Failed to connect to DB: QueryFailedError: ER_TABLE_EXISTS_ERROR: Table 'user' already exists","project":"RealTimeChatApp","time":1696847216893,"timestamp":"2023-10-09T10:27:03.092Z"}
{"level":"info","message":"App is listening on port 5000","project":"RealTimeChatApp","time":1696851809864,"timestamp":"2023-10-09T11:43:30.022Z"}
{"level":"info","message":"App is listening on port 5000","project":"RealTimeChatApp","time":1696851832349,"timestamp":"2023-10-09T11:43:52.454Z"}
{"level":"error","message":"Failed to connect to DB: QueryFailedError: ER_TABLE_EXISTS_ERROR: Table 'user' already exists","project":"RealTimeChatApp","time":1696851832349,"timestamp":"2023-10-09T11:43:58.895Z"}
{"level":"info","message":"App is listening on port 5000","project":"RealTimeChatApp","time":1696852028012,"timestamp":"2023-10-09T11:47:08.181Z"}
{"level":"info","message":"Connected to DB!","project":"RealTimeChatApp","time":1696852028012,"timestamp":"2023-10-09T11:47:15.355Z"}
{"level":"info","message":"App is listening on port 5000","project":"RealTimeChatApp","time":1696865063983,"timestamp":"2023-10-09T15:24:24.517Z"}
{"level":"error","message":"Failed to connect to DB: QueryFailedError: ER_TABLE_EXISTS_ERROR: Table 'user' already exists","project":"RealTimeChatApp","time":1696865063983,"timestamp":"2023-10-09T15:24:43.316Z"}
{"level":"info","message":"App is listening on port 5000","project":"RealTimeChatApp","time":1696865308968,"timestamp":"2023-10-09T15:28:29.233Z"}
{"level":"error","message":"Failed to connect to DB: QueryFailedError: ER_TABLE_EXISTS_ERROR: Table 'user' already exists","project":"RealTimeChatApp","time":1696865308968,"timestamp":"2023-10-09T15:28:42.216Z"}
{"level":"info","message":"App is listening on port 5000","project":"RealTimeChatApp","time":1696867509792,"timestamp":"2023-10-09T16:05:10.065Z"}
{"level":"info","message":"App is listening on port 5000","project":"RealTimeChatApp","time":1696867515825,"timestamp":"2023-10-09T16:05:16.202Z"}
{"level":"error","message":"Failed to connect to DB: QueryFailedError: ER_TABLE_EXISTS_ERROR: Table 'user' already exists","project":"RealTimeChatApp","time":1696867515825,"timestamp":"2023-10-09T16:05:33.433Z"}
{"level":"info","message":"App is listening on port 5000","project":"RealTimeChatApp","time":1696868331089,"timestamp":"2023-10-09T16:18:51.333Z"}
{"level":"error","message":"Failed to connect to DB: QueryFailedError: ER_TABLE_EXISTS_ERROR: Table 'user' already exists","project":"RealTimeChatApp","time":1696868331089,"timestamp":"2023-10-09T16:19:05.589Z"}
{"level":"info","message":"App is listening on port 5000","project":"RealTimeChatApp","time":1696868414166,"timestamp":"2023-10-09T16:20:14.464Z"}
{"level":"error","message":"Failed to connect to DB: QueryFailedError: ER_TABLE_EXISTS_ERROR: Table 'user' already exists","project":"RealTimeChatApp","time":1696868414166,"timestamp":"2023-10-09T16:20:31.444Z"}
{"level":"info","message":"App is listening on port 5000","project":"RealTimeChatApp","time":1696868437256,"timestamp":"2023-10-09T16:20:37.556Z"}
{"level":"error","message":"Failed to connect to DB: QueryFailedError: ER_TABLE_EXISTS_ERROR: Table 'user' already exists","project":"RealTimeChatApp","time":1696868437256,"timestamp":"2023-10-09T16:20:59.280Z"}
{"level":"info","message":"App is listening on port 5000","project":"RealTimeChatApp","time":1696868566499,"timestamp":"2023-10-09T16:22:46.844Z"}
{"level":"info","message":"App is listening on port 5000","project":"RealTimeChatApp","time":1696868575435,"timestamp":"2023-10-09T16:22:55.704Z"}
{"level":"info","message":"App is listening on port 5000","project":"RealTimeChatApp","time":1696868587512,"timestamp":"2023-10-09T16:23:07.943Z"}
{"level":"info","message":"App is listening on port 5000","project":"RealTimeChatApp","time":1696868595078,"timestamp":"2023-10-09T16:23:15.338Z"}
{"level":"info","message":"App is listening on port 5000","project":"RealTimeChatApp","time":1696868605234,"timestamp":"2023-10-09T16:23:25.502Z"}
{"level":"error","message":"Failed to connect to DB: QueryFailedError: ER_TABLE_EXISTS_ERROR: Table 'user' already exists","project":"RealTimeChatApp","time":1696868605234,"timestamp":"2023-10-09T16:23:38.986Z"}
{"level":"info","message":"App is listening on port 5000","project":"RealTimeChatApp","time":1696868686503,"timestamp":"2023-10-09T16:24:46.938Z"}
{"level":"error","message":"Failed to connect to DB: QueryFailedError: ER_TABLE_EXISTS_ERROR: Table 'user' already exists","project":"RealTimeChatApp","time":1696868686503,"timestamp":"2023-10-09T16:25:06.126Z"}
{"level":"info","message":"App is listening on port 5000","project":"RealTimeChatApp","time":1696868712603,"timestamp":"2023-10-09T16:25:12.913Z"}
{"level":"info","message":"App is listening on port 5000","project":"RealTimeChatApp","time":1696868729914,"timestamp":"2023-10-09T16:25:30.345Z"}
{"level":"info","message":"App is listening on port 5000","project":"RealTimeChatApp","time":1696868735044,"timestamp":"2023-10-09T16:25:35.269Z"}
{"level":"info","message":"App is listening on port 5000","project":"RealTimeChatApp","time":1696868750189,"timestamp":"2023-10-09T16:25:50.424Z"}
{"level":"info","message":"App is listening on port 5000","project":"RealTimeChatApp","time":1696868763854,"timestamp":"2023-10-09T16:26:04.100Z"}
{"level":"info","message":"App is listening on port 5000","project":"RealTimeChatApp","time":1696868775211,"timestamp":"2023-10-09T16:26:15.628Z"}
{"level":"info","message":"App is listening on port 5000","project":"RealTimeChatApp","time":1696868786187,"timestamp":"2023-10-09T16:26:26.442Z"}
{"level":"error","message":"Failed to connect to DB: QueryFailedError: ER_TABLE_EXISTS_ERROR: Table 'user' already exists","project":"RealTimeChatApp","time":1696868786187,"timestamp":"2023-10-09T16:26:39.377Z"}
{"level":"info","message":"App is listening on port 5000","project":"RealTimeChatApp","time":1696868809527,"timestamp":"2023-10-09T16:26:49.948Z"}
{"level":"info","message":"App is listening on port 5000","project":"RealTimeChatApp","time":1696868815690,"timestamp":"2023-10-09T16:26:55.973Z"}
{"level":"info","message":"App is listening on port 5000","project":"RealTimeChatApp","time":1696868821833,"timestamp":"2023-10-09T16:27:02.088Z"}
{"level":"info","message":"App is listening on port 5000","project":"RealTimeChatApp","time":1696868829159,"timestamp":"2023-10-09T16:27:09.646Z"}
{"level":"info","message":"App is listening on port 5000","project":"RealTimeChatApp","time":1696868833314,"timestamp":"2023-10-09T16:27:13.614Z"}
{"level":"info","message":"App is listening on port 5000","project":"RealTimeChatApp","time":1696868842711,"timestamp":"2023-10-09T16:27:23.075Z"}
{"level":"info","message":"App is listening on port 5000","project":"RealTimeChatApp","time":1696868852860,"timestamp":"2023-10-09T16:27:33.117Z"}
{"level":"info","message":"App is listening on port 5000","project":"RealTimeChatApp","time":1696868867452,"timestamp":"2023-10-09T16:27:47.681Z"}
{"level":"info","message":"App is listening on port 5000","project":"RealTimeChatApp","time":1696868878216,"timestamp":"2023-10-09T16:27:58.439Z"}
{"level":"error","message":"Failed to connect to DB: QueryFailedError: ER_TABLE_EXISTS_ERROR: Table 'user' already exists","project":"RealTimeChatApp","time":1696868878216,"timestamp":"2023-10-09T16:28:16.528Z"}
{"level":"info","message":"App is listening on port 5000","project":"RealTimeChatApp","time":1696869209295,"timestamp":"2023-10-09T16:33:29.644Z"}
{"level":"error","message":"Failed to connect to DB: QueryFailedError: ER_TABLE_EXISTS_ERROR: Table 'user' already exists","project":"RealTimeChatApp","time":1696869209295,"timestamp":"2023-10-09T16:33:43.077Z"}
{"level":"info","message":"App is listening on port 5000","project":"RealTimeChatApp","time":1696874147537,"timestamp":"2023-10-09T17:55:48.050Z"}
{"level":"error","message":"Failed to connect to DB: QueryFailedError: ER_TABLE_EXISTS_ERROR: Table 'user' already exists","project":"RealTimeChatApp","time":1696874147537,"timestamp":"2023-10-09T17:56:09.654Z"}
{"level":"info","message":"App is listening on port 5000","project":"RealTimeChatApp","time":1696882794281,"timestamp":"2023-10-09T20:19:54.657Z"}
{"level":"error","message":"Failed to connect to DB: QueryFailedError: ER_TABLE_EXISTS_ERROR: Table 'user' already exists","project":"RealTimeChatApp","time":1696882794281,"timestamp":"2023-10-09T20:20:12.578Z"}
{"level":"info","message":"App is listening on port 5000","project":"RealTimeChatApp","time":1696884215565,"timestamp":"2023-10-09T20:43:35.862Z"}
{"level":"error","message":"Failed to connect to DB: QueryFailedError: ER_TABLE_EXISTS_ERROR: Table 'user' already exists","project":"RealTimeChatApp","time":1696884215565,"timestamp":"2023-10-09T20:43:51.587Z"}
{"level":"info","message":"App is listening on port 5000","project":"RealTimeChatApp","time":1696884301451,"timestamp":"2023-10-09T20:45:01.741Z"}
{"level":"info","message":"App is listening on port 5000","project":"RealTimeChatApp","time":1696884328845,"timestamp":"2023-10-09T20:45:29.116Z"}
{"level":"error","message":"Failed to connect to DB: QueryFailedError: ER_TABLE_EXISTS_ERROR: Table 'user' already exists","project":"RealTimeChatApp","time":1696884328845,"timestamp":"2023-10-09T20:45:43.038Z"}
{"level":"info","message":"App is listening on port 5000","project":"RealTimeChatApp","time":1696884364093,"timestamp":"2023-10-09T20:46:04.414Z"}
{"level":"info","message":"App is listening on port 5000","project":"RealTimeChatApp","time":1696884384695,"timestamp":"2023-10-09T20:46:24.965Z"}
{"level":"info","message":"App is listening on port 5000","project":"RealTimeChatApp","time":1696884391390,"timestamp":"2023-10-09T20:46:31.668Z"}
{"level":"info","message":"App is listening on port 5000","project":"RealTimeChatApp","time":1696884400249,"timestamp":"2023-10-09T20:46:40.537Z"}
{"level":"info","message":"App is listening on port 5000","project":"RealTimeChatApp","time":1696884411766,"timestamp":"2023-10-09T20:46:52.196Z"}
{"level":"info","message":"App is listening on port 5000","project":"RealTimeChatApp","time":1696884428914,"timestamp":"2023-10-09T20:47:09.144Z"}
{"level":"info","message":"App is listening on port 5000","project":"RealTimeChatApp","time":1696884441171,"timestamp":"2023-10-09T20:47:21.598Z"}
{"level":"info","message":"App is listening on port 5000","project":"RealTimeChatApp","time":1696884456307,"timestamp":"2023-10-09T20:47:36.555Z"}
{"level":"error","message":"Failed to connect to DB: QueryFailedError: ER_TABLE_EXISTS_ERROR: Table 'user' already exists","project":"RealTimeChatApp","time":1696884456307,"timestamp":"2023-10-09T20:47:50.221Z"}
{"level":"info","message":"App is listening on port 5000","project":"RealTimeChatApp","time":1696884494146,"timestamp":"2023-10-09T20:48:14.389Z"}
{"level":"error","message":"Failed to connect to DB: QueryFailedError: ER_TABLE_EXISTS_ERROR: Table 'user' already exists","project":"RealTimeChatApp","time":1696884494146,"timestamp":"2023-10-09T20:48:29.909Z"}
{"level":"info","message":"App is listening on port 5000","project":"RealTimeChatApp","time":1696884515989,"timestamp":"2023-10-09T20:48:36.494Z"}
{"level":"info","message":"App is listening on port 5000","project":"RealTimeChatApp","time":1696884521603,"timestamp":"2023-10-09T20:48:41.940Z"}
{"level":"error","message":"Failed to connect to DB: QueryFailedError: ER_TABLE_EXISTS_ERROR: Table 'user' already exists","project":"RealTimeChatApp","time":1696884521603,"timestamp":"2023-10-09T20:48:54.906Z"}
{"level":"info","message":"App is listening on port 5000","project":"RealTimeChatApp","time":1696884546863,"timestamp":"2023-10-09T20:49:07.336Z"}
{"level":"info","message":"App is listening on port 5000","project":"RealTimeChatApp","time":1696884553519,"timestamp":"2023-10-09T20:49:13.950Z"}
{"level":"info","message":"App is listening on port 5000","project":"RealTimeChatApp","time":1696884559303,"timestamp":"2023-10-09T20:49:19.545Z"}
{"level":"info","message":"App is listening on port 5000","project":"RealTimeChatApp","time":1696884586051,"timestamp":"2023-10-09T20:49:46.376Z"}
{"level":"info","message":"App is listening on port 5000","project":"RealTimeChatApp","time":1696884590736,"timestamp":"2023-10-09T20:49:51.004Z"}
{"level":"error","message":"Failed to connect to DB: QueryFailedError: ER_TABLE_EXISTS_ERROR: Table 'user' already exists","project":"RealTimeChatApp","time":1696884590736,"timestamp":"2023-10-09T20:50:05.496Z"}
{"level":"info","message":"App is listening on port 5000","project":"RealTimeChatApp","time":1696884669516,"timestamp":"2023-10-09T20:51:10.081Z"}
{"level":"info","message":"App is listening on port 5000","project":"RealTimeChatApp","time":1696884683695,"timestamp":"2023-10-09T20:51:24.137Z"}
{"level":"info","message":"App is listening on port 5000","project":"RealTimeChatApp","time":1696884691703,"timestamp":"2023-10-09T20:51:31.992Z"}
{"level":"error","message":"Failed to connect to DB: QueryFailedError: ER_TABLE_EXISTS_ERROR: Table 'user' already exists","project":"RealTimeChatApp","time":1696884691703,"timestamp":"2023-10-09T20:51:47.224Z"}
{"level":"info","message":"App is listening on port 5000","project":"RealTimeChatApp","time":1696884965619,"timestamp":"2023-10-09T20:56:06.186Z"}
{"level":"info","message":"App is listening on port 5000","project":"RealTimeChatApp","time":1696884980613,"timestamp":"2023-10-09T20:56:20.969Z"}
{"level":"info","message":"App is listening on port 5000","project":"RealTimeChatApp","time":1696884991651,"timestamp":"2023-10-09T20:56:31.982Z"}
{"level":"info","message":"App is listening on port 5000","project":"RealTimeChatApp","time":1696885015921,"timestamp":"2023-10-09T20:56:56.157Z"}
{"level":"info","message":"App is listening on port 5000","project":"RealTimeChatApp","time":1696885033068,"timestamp":"2023-10-09T20:57:13.309Z"}
{"level":"info","message":"App is listening on port 5000","project":"RealTimeChatApp","time":1696885043611,"timestamp":"2023-10-09T20:57:23.892Z"}
{"level":"info","message":"App is listening on port 5000","project":"RealTimeChatApp","time":1696885049469,"timestamp":"2023-10-09T20:57:29.731Z"}
{"level":"info","message":"App is listening on port 5000","project":"RealTimeChatApp","time":1696885058161,"timestamp":"2023-10-09T20:57:38.416Z"}
{"level":"error","message":"Failed to connect to DB: QueryFailedError: ER_TABLE_EXISTS_ERROR: Table 'user' already exists","project":"RealTimeChatApp","time":1696885058161,"timestamp":"2023-10-09T20:57:52.501Z"}
{"level":"info","message":"App is listening on port 5000","project":"RealTimeChatApp","time":1696885076191,"timestamp":"2023-10-09T20:57:56.461Z"}
{"level":"info","message":"App is listening on port 5000","project":"RealTimeChatApp","time":1696885084968,"timestamp":"2023-10-09T20:58:05.200Z"}
{"level":"info","message":"App is listening on port 5000","project":"RealTimeChatApp","time":1696933502867,"timestamp":"2023-10-10T10:25:03.169Z"}
{"level":"info","message":"App is listening on port 5000","project":"RealTimeChatApp","time":1696933508303,"timestamp":"2023-10-10T10:25:08.440Z"}
{"level":"error","message":"Failed to connect to DB: QueryFailedError: ER_TABLE_EXISTS_ERROR: Table 'user' already exists","project":"RealTimeChatApp","time":1696933508303,"timestamp":"2023-10-10T10:25:16.582Z"}
{"level":"info","message":"App is listening on port 5000","project":"RealTimeChatApp","time":1696933578700,"timestamp":"2023-10-10T10:26:18.846Z"}
{"level":"error","message":"Failed to connect to DB: TypeError [ERR_UNKNOWN_FILE_EXTENSION]: Unknown file extension \".ts\" for D:\\oba\\_trng\\express\\_RealChatApp\\__theproj\\db\\migrations\\1696868409294-starterMig.ts","project":"RealTimeChatApp","time":1696933578700,"timestamp":"2023-10-10T10:26:25.512Z"}
{"level":"info","message":"App is listening on port 5000","project":"RealTimeChatApp","time":1696933645240,"timestamp":"2023-10-10T10:27:25.359Z"}
{"level":"error","message":"Failed to connect to DB: TypeORMError: Entity metadata for Message#sender was not found. Check if you specified a correct entity object and if it's connected in the connection options.","project":"RealTimeChatApp","time":1696933645240,"timestamp":"2023-10-10T10:27:25.465Z"}
{"level":"info","message":"App is listening on port 5000","project":"RealTimeChatApp","time":1696933686760,"timestamp":"2023-10-10T10:28:06.875Z"}
{"level":"error","message":"Failed to connect to DB: TypeError [ERR_UNKNOWN_FILE_EXTENSION]: Unknown file extension \".ts\" for D:\\oba\\_trng\\express\\_RealChatApp\\__theproj\\db\\migrations\\1696868409294-starterMig.ts","project":"RealTimeChatApp","time":1696933686760,"timestamp":"2023-10-10T10:28:13.955Z"}
{"level":"info","message":"App is listening on port 5000","project":"RealTimeChatApp","time":1696933771835,"timestamp":"2023-10-10T10:29:31.973Z"}
{"level":"error","message":"Failed to connect to DB: QueryFailedError: ER_TABLE_EXISTS_ERROR: Table 'user' already exists","project":"RealTimeChatApp","time":1696933771835,"timestamp":"2023-10-10T10:29:32.256Z"}
{"level":"info","message":"App is listening on port 5000","project":"RealTimeChatApp","time":1696933806689,"timestamp":"2023-10-10T10:30:06.811Z"}
{"level":"info","message":"Connected to DB!","project":"RealTimeChatApp","time":1696933806689,"timestamp":"2023-10-10T10:30:07.968Z"}
{"level":"info","message":"App is listening on port 5000","project":"RealTimeChatApp","time":1696933945509,"timestamp":"2023-10-10T10:32:25.648Z"}
{"level":"error","message":"Failed to connect to DB: QueryFailedError: ER_TABLE_EXISTS_ERROR: Table 'user' already exists","project":"RealTimeChatApp","time":1696933945509,"timestamp":"2023-10-10T10:32:25.922Z"}
{"level":"info","message":"App is listening on port 5000","project":"RealTimeChatApp","time":1696935434845,"timestamp":"2023-10-10T10:57:14.983Z"}
{"level":"error","message":"Failed to connect to DB: QueryFailedError: ER_TABLE_EXISTS_ERROR: Table 'user' already exists","project":"RealTimeChatApp","time":1696935434845,"timestamp":"2023-10-10T10:57:15.275Z"}
{"level":"info","message":"App is listening on port 5000","project":"RealTimeChatApp","time":1696935440217,"timestamp":"2023-10-10T10:57:20.332Z"}
{"level":"error","message":"Error during Data Source initialization: QueryFailedError: ER_TABLE_EXISTS_ERROR: Table 'user' already exists","project":"RealTimeChatApp","time":1696935440217,"timestamp":"2023-10-10T10:57:20.573Z"}
{"level":"info","message":"App is listening on port 5000","project":"RealTimeChatApp","time":1696935540422,"timestamp":"2023-10-10T10:59:00.615Z"}
{"level":"error","message":"Error during Data Source initialization: QueryFailedError: ER_TABLE_EXISTS_ERROR: Table 'user' already exists","project":"RealTimeChatApp","time":1696935540422,"timestamp":"2023-10-10T10:59:00.867Z"}
{"level":"info","message":"App is listening on port 5000","project":"RealTimeChatApp","time":1696935556313,"timestamp":"2023-10-10T10:59:16.515Z"}
{"level":"info","message":"App is listening on port 5000","project":"RealTimeChatApp","time":1696935598751,"timestamp":"2023-10-10T10:59:58.895Z"}
{"level":"info","message":"App is listening on port 5000","project":"RealTimeChatApp","time":1696935667966,"timestamp":"2023-10-10T11:01:08.087Z"}
{"level":"info","message":"App is listening on port 5000","project":"RealTimeChatApp","time":1696935679835,"timestamp":"2023-10-10T11:01:19.959Z"}
{"level":"info","message":"App is listening on port 5000","project":"RealTimeChatApp","time":1696935690477,"timestamp":"2023-10-10T11:01:30.595Z"}
{"level":"error","message":"Error during Data Source initialization: QueryFailedError: ER_TABLE_EXISTS_ERROR: Table 'user' already exists","project":"RealTimeChatApp","time":1696935690477,"timestamp":"2023-10-10T11:01:30.886Z"}
{"level":"info","message":"App is listening on port 5000","project":"RealTimeChatApp","time":1696935724166,"timestamp":"2023-10-10T11:02:04.322Z"}
{"level":"error","message":"Error during Data Source initialization: QueryFailedError: ER_TABLE_EXISTS_ERROR: Table 'user' already exists","project":"RealTimeChatApp","time":1696935724166,"timestamp":"2023-10-10T11:02:04.623Z"}
{"level":"info","message":"App is listening on port 5000","project":"RealTimeChatApp","time":1696936308567,"timestamp":"2023-10-10T11:11:48.706Z"}
{"level":"error","message":"Error during Data Source initialization: QueryFailedError: ER_TABLE_EXISTS_ERROR: Table 'user' already exists","project":"RealTimeChatApp","time":1696936308567,"timestamp":"2023-10-10T11:11:49.001Z"}
{"level":"info","message":"App is listening on port 5000","project":"RealTimeChatApp","time":1696936314242,"timestamp":"2023-10-10T11:11:54.364Z"}
{"level":"error","message":"Error during Data Source initialization: QueryFailedError: ER_TABLE_EXISTS_ERROR: Table 'user' already exists","project":"RealTimeChatApp","time":1696936314242,"timestamp":"2023-10-10T11:11:54.685Z"}
{"level":"info","message":"App is listening on port 5000","project":"RealTimeChatApp","time":1696936417750,"timestamp":"2023-10-10T11:13:37.878Z"}
{"level":"error","message":"Error during Data Source initialization: QueryFailedError: ER_TABLE_EXISTS_ERROR: Table 'user' already exists","project":"RealTimeChatApp","time":1696936417750,"timestamp":"2023-10-10T11:13:38.327Z"}
{"level":"info","message":"App is listening on port 5000","project":"RealTimeChatApp","time":1696936582871,"timestamp":"2023-10-10T11:16:22.997Z"}
{"level":"info","message":"Data Source has been initialized!","project":"RealTimeChatApp","time":1696936582871,"timestamp":"2023-10-10T11:16:23.129Z"}
{"level":"info","message":"App is listening on port 5000","project":"RealTimeChatApp","time":1696936599111,"timestamp":"2023-10-10T11:16:39.254Z"}
{"level":"info","message":"Data Source has been initialized!","project":"RealTimeChatApp","time":1696936599111,"timestamp":"2023-10-10T11:16:39.400Z"}
{"level":"info","message":"App is listening on port 5000","project":"RealTimeChatApp","time":1696936630380,"timestamp":"2023-10-10T11:17:10.493Z"}
{"level":"info","message":"Data Source has been initialized!","project":"RealTimeChatApp","time":1696936630380,"timestamp":"2023-10-10T11:17:10.615Z"}
{"level":"info","message":"App is listening on port 5000","project":"RealTimeChatApp","time":1696936892390,"timestamp":"2023-10-10T11:21:32.513Z"}
{"level":"info","message":"Data Source has been initialized!","project":"RealTimeChatApp","time":1696936892390,"timestamp":"2023-10-10T11:21:32.632Z"}
{"level":"info","message":"App is listening on port 5000","project":"RealTimeChatApp","time":1696936921701,"timestamp":"2023-10-10T11:22:01.825Z"}
{"level":"info","message":"Data Source has been initialized!","project":"RealTimeChatApp","time":1696936921701,"timestamp":"2023-10-10T11:22:01.957Z"}
{"level":"info","message":"App is listening on port 5000","project":"RealTimeChatApp","time":1696936953561,"timestamp":"2023-10-10T11:22:33.696Z"}
{"level":"error","message":"Error during Data Source initialization: QueryFailedError: ER_TABLE_EXISTS_ERROR: Table 'user' already exists","project":"RealTimeChatApp","time":1696936953561,"timestamp":"2023-10-10T11:22:33.945Z"}
{"level":"info","message":"App is listening on port 5000","project":"RealTimeChatApp","time":1696937826976,"timestamp":"2023-10-10T11:37:07.864Z"}
{"level":"error","message":"Error during Data Source initialization: QueryFailedError: ER_TABLE_EXISTS_ERROR: Table 'user' already exists","project":"RealTimeChatApp","time":1696937826976,"timestamp":"2023-10-10T11:37:08.510Z"}
{"level":"info","message":"App is listening on port 5000","project":"RealTimeChatApp","time":1696938377779,"timestamp":"2023-10-10T11:46:17.900Z"}
{"level":"info","message":"Data Source has been initialized!","project":"RealTimeChatApp","time":1696938377779,"timestamp":"2023-10-10T11:46:18.668Z"}
{"level":"info","message":"App is listening on port 5000","project":"RealTimeChatApp","time":1696938612095,"timestamp":"2023-10-10T11:50:12.252Z"}
{"level":"info","message":"App is listening on port 5000","project":"RealTimeChatApp","time":1696938615358,"timestamp":"2023-10-10T11:50:15.481Z"}
{"level":"info","message":"Data Source has been initialized!","project":"RealTimeChatApp","time":1696938615358,"timestamp":"2023-10-10T11:50:16.264Z"}
{"level":"info","message":"App is listening on port 5000","project":"RealTimeChatApp","time":1696938619633,"timestamp":"2023-10-10T11:50:19.749Z"}
{"level":"info","message":"Data Source has been initialized!","project":"RealTimeChatApp","time":1696938619633,"timestamp":"2023-10-10T11:50:20.514Z"}
{"level":"info","message":"App is listening on port 5000","project":"RealTimeChatApp","time":1696938625141,"timestamp":"2023-10-10T11:50:25.264Z"}
{"level":"info","message":"Data Source has been initialized!","project":"RealTimeChatApp","time":1696938625141,"timestamp":"2023-10-10T11:50:26.041Z"}
{"level":"info","message":"App is listening on port 5000","project":"RealTimeChatApp","time":1696938629838,"timestamp":"2023-10-10T11:50:29.972Z"}
{"level":"info","message":"Data Source has been initialized!","project":"RealTimeChatApp","time":1696938629838,"timestamp":"2023-10-10T11:50:30.710Z"}
{"level":"info","message":"App is listening on port 5000","project":"RealTimeChatApp","time":1696938651066,"timestamp":"2023-10-10T11:50:51.197Z"}
{"level":"info","message":"Data Source has been initialized!","project":"RealTimeChatApp","time":1696938651066,"timestamp":"2023-10-10T11:50:51.936Z"}
